<?xml version="1.0" encoding="UTF-8"?>
<!-- Generated by org.testng.reporters.JUnitXMLReporter -->
<testsuite hostname="IBM-481LRM3" ignored="0" name="Default test" tests="4" failures="0" timestamp="08 Jul 2022 11:33:15 GMT" time="7.364" errors="0">
  <testcase name="firstPOST" time="2.749" classname="RestAssuredAsignment.asuredClass$Assugnment"/>
  <testcase name="firstPUT" time="1.416" classname="RestAssuredAsignment.asuredClass$Assugnment"/>
  <testcase name="firstDELETE" time="1.535" classname="RestAssuredAsignment.asuredClass$Assugnment"/>
  <testcase name="anotherGET" time="1.637" classname="RestAssuredAsignment.asuredClass$Assugnment"/>
</testsuite> <!-- Default test -->
